2023-12-15 20:22:12,586 - root - INFO - Random seed: 3
2023-12-15 20:22:12,586 - root - INFO - Loading data...
2023-12-15 20:22:12,624 - root - INFO - shape of x_maxpool2: torch.Size([78800, 256])
2023-12-15 20:22:12,624 - root - INFO - shape of x_fc1: torch.Size([78800, 120])
2023-12-15 20:22:12,624 - root - INFO - shape of x_fc2: torch.Size([78800, 84])
2023-12-15 20:22:12,624 - root - INFO - shape of x_fc3: torch.Size([78800, 10])
2023-12-15 20:22:12,624 - root - INFO - data loading finished.
2023-12-15 20:22:12,624 - root - INFO - Spliting dataset...
2023-12-15 20:22:12,627 - root - INFO - train dataset size: 50432
2023-12-15 20:22:12,627 - root - INFO - val dataset size: 12608
2023-12-15 20:22:12,627 - root - INFO - test dataset size: 15760
2023-12-15 20:22:12,627 - root - INFO - dataset spliting finished.
2023-12-15 20:22:12,627 - root - INFO - Initializing model, optimizer and loss function...
2023-12-15 20:22:12,797 - root - INFO - model, optimizer and loss function initialization finished.
2023-12-15 20:22:12,797 - root - INFO - Start training...
  0%|                                                                         | 0/7 [00:00<?, ?it/s]Epoch: 1 | Train Loss: 0.4385 | Val Loss: 0.4844:   0%|                       | 0/7 [00:11<?, ?it/s]Epoch: 1 | Train Loss: 0.4385 | Val Loss: 0.4844:  14%|██▏            | 1/7 [00:11<01:06, 11.04s/it]Epoch: 2 | Train Loss: 0.3393 | Val Loss: 0.3870:  14%|██▏            | 1/7 [00:21<01:06, 11.04s/it]Epoch: 2 | Train Loss: 0.3393 | Val Loss: 0.3870:  29%|████▎          | 2/7 [00:21<00:53, 10.75s/it]Epoch: 3 | Train Loss: 0.2659 | Val Loss: 0.3285:  29%|████▎          | 2/7 [00:32<00:53, 10.75s/it]Epoch: 3 | Train Loss: 0.2659 | Val Loss: 0.3285:  43%|██████▍        | 3/7 [00:32<00:42, 10.65s/it]Epoch: 4 | Train Loss: 0.2273 | Val Loss: 0.3047:  43%|██████▍        | 3/7 [00:42<00:42, 10.65s/it]Epoch: 4 | Train Loss: 0.2273 | Val Loss: 0.3047:  57%|████████▌      | 4/7 [00:42<00:31, 10.62s/it]Epoch: 5 | Train Loss: 0.1845 | Val Loss: 0.2753:  57%|████████▌      | 4/7 [00:53<00:31, 10.62s/it]Epoch: 5 | Train Loss: 0.1845 | Val Loss: 0.2753:  71%|██████████▋    | 5/7 [00:53<00:21, 10.62s/it]Epoch: 6 | Train Loss: 0.1556 | Val Loss: 0.2684:  71%|██████████▋    | 5/7 [01:03<00:21, 10.62s/it]Epoch: 6 | Train Loss: 0.1556 | Val Loss: 0.2684:  86%|████████████▊  | 6/7 [01:03<00:10, 10.63s/it]Epoch: 7 | Train Loss: 0.1384 | Val Loss: 0.2554:  86%|████████████▊  | 6/7 [01:14<00:10, 10.63s/it]Epoch: 7 | Train Loss: 0.1384 | Val Loss: 0.2554: 100%|███████████████| 7/7 [01:14<00:00, 10.66s/it]Epoch: 7 | Train Loss: 0.1384 | Val Loss: 0.2554: 100%|███████████████| 7/7 [01:14<00:00, 10.67s/it]
2023-12-15 20:23:27,504 - root - INFO - Training finished.
2023-12-15 20:23:27,505 - root - INFO - Testing model...
2023-12-15 20:23:27,945 - root - INFO - Test loss: 0.24350499920547009, Test acc: 0.9003172588832488
2023-12-15 20:23:27,945 - root - INFO - Testing finished.
2023-12-15 20:23:27,945 - root - INFO - saving model...
2023-12-15 20:23:27,972 - root - INFO - model saved.
2023-12-15 20:23:27,972 - root - INFO - saving results
2023-12-15 20:23:27,976 - root - INFO - results saved.
