2023-12-15 20:20:55,708 - root - INFO - Random seed: 2
2023-12-15 20:20:55,708 - root - INFO - Loading data...
2023-12-15 20:20:55,745 - root - INFO - shape of x_maxpool2: torch.Size([78800, 256])
2023-12-15 20:20:55,746 - root - INFO - shape of x_fc1: torch.Size([78800, 120])
2023-12-15 20:20:55,746 - root - INFO - shape of x_fc2: torch.Size([78800, 84])
2023-12-15 20:20:55,746 - root - INFO - shape of x_fc3: torch.Size([78800, 10])
2023-12-15 20:20:55,746 - root - INFO - data loading finished.
2023-12-15 20:20:55,746 - root - INFO - Spliting dataset...
2023-12-15 20:20:55,748 - root - INFO - train dataset size: 50432
2023-12-15 20:20:55,748 - root - INFO - val dataset size: 12608
2023-12-15 20:20:55,748 - root - INFO - test dataset size: 15760
2023-12-15 20:20:55,748 - root - INFO - dataset spliting finished.
2023-12-15 20:20:55,748 - root - INFO - Initializing model, optimizer and loss function...
2023-12-15 20:20:55,918 - root - INFO - model, optimizer and loss function initialization finished.
2023-12-15 20:20:55,919 - root - INFO - Start training...
  0%|                                                                         | 0/7 [00:00<?, ?it/s]Epoch: 1 | Train Loss: 0.4288 | Val Loss: 0.4731:   0%|                       | 0/7 [00:11<?, ?it/s]Epoch: 1 | Train Loss: 0.4288 | Val Loss: 0.4731:  14%|██▏            | 1/7 [00:11<01:06, 11.08s/it]Epoch: 2 | Train Loss: 0.3302 | Val Loss: 0.3799:  14%|██▏            | 1/7 [00:21<01:06, 11.08s/it]Epoch: 2 | Train Loss: 0.3302 | Val Loss: 0.3799:  29%|████▎          | 2/7 [00:21<00:53, 10.70s/it]Epoch: 3 | Train Loss: 0.2583 | Val Loss: 0.3154:  29%|████▎          | 2/7 [00:32<00:53, 10.70s/it]Epoch: 3 | Train Loss: 0.2583 | Val Loss: 0.3154:  43%|██████▍        | 3/7 [00:32<00:42, 10.66s/it]Epoch: 4 | Train Loss: 0.2330 | Val Loss: 0.3157:  43%|██████▍        | 3/7 [00:42<00:42, 10.66s/it]Epoch: 4 | Train Loss: 0.2330 | Val Loss: 0.3157:  57%|████████▌      | 4/7 [00:42<00:31, 10.61s/it]Epoch: 5 | Train Loss: 0.1733 | Val Loss: 0.2708:  57%|████████▌      | 4/7 [00:53<00:31, 10.61s/it]Epoch: 5 | Train Loss: 0.1733 | Val Loss: 0.2708:  71%|██████████▋    | 5/7 [00:53<00:21, 10.57s/it]Epoch: 6 | Train Loss: 0.1635 | Val Loss: 0.2704:  71%|██████████▋    | 5/7 [01:03<00:21, 10.57s/it]Epoch: 6 | Train Loss: 0.1635 | Val Loss: 0.2704:  86%|████████████▊  | 6/7 [01:03<00:10, 10.59s/it]Epoch: 7 | Train Loss: 0.1280 | Val Loss: 0.2528:  86%|████████████▊  | 6/7 [01:14<00:10, 10.59s/it]Epoch: 7 | Train Loss: 0.1280 | Val Loss: 0.2528: 100%|███████████████| 7/7 [01:14<00:00, 10.75s/it]Epoch: 7 | Train Loss: 0.1280 | Val Loss: 0.2528: 100%|███████████████| 7/7 [01:14<00:00, 10.70s/it]
2023-12-15 20:22:10,831 - root - INFO - Training finished.
2023-12-15 20:22:10,831 - root - INFO - Testing model...
2023-12-15 20:22:11,320 - root - INFO - Test loss: 0.2412431975826621, Test acc: 0.9018401015228427
2023-12-15 20:22:11,321 - root - INFO - Testing finished.
2023-12-15 20:22:11,321 - root - INFO - saving model...
2023-12-15 20:22:11,347 - root - INFO - model saved.
2023-12-15 20:22:11,347 - root - INFO - saving results
2023-12-15 20:22:11,349 - root - INFO - results saved.
