2023-12-15 20:23:28,954 - root - INFO - Random seed: 4
2023-12-15 20:23:28,954 - root - INFO - Loading data...
2023-12-15 20:23:28,976 - root - INFO - shape of x_maxpool2: torch.Size([78800, 256])
2023-12-15 20:23:28,976 - root - INFO - shape of x_fc1: torch.Size([78800, 120])
2023-12-15 20:23:28,976 - root - INFO - shape of x_fc2: torch.Size([78800, 84])
2023-12-15 20:23:28,976 - root - INFO - shape of x_fc3: torch.Size([78800, 10])
2023-12-15 20:23:28,976 - root - INFO - data loading finished.
2023-12-15 20:23:28,976 - root - INFO - Spliting dataset...
2023-12-15 20:23:28,979 - root - INFO - train dataset size: 50432
2023-12-15 20:23:28,979 - root - INFO - val dataset size: 12608
2023-12-15 20:23:28,979 - root - INFO - test dataset size: 15760
2023-12-15 20:23:28,979 - root - INFO - dataset spliting finished.
2023-12-15 20:23:28,979 - root - INFO - Initializing model, optimizer and loss function...
2023-12-15 20:23:29,131 - root - INFO - model, optimizer and loss function initialization finished.
2023-12-15 20:23:29,131 - root - INFO - Start training...
  0%|                                                                         | 0/7 [00:00<?, ?it/s]Epoch: 1 | Train Loss: 0.4366 | Val Loss: 0.4763:   0%|                       | 0/7 [00:10<?, ?it/s]Epoch: 1 | Train Loss: 0.4366 | Val Loss: 0.4763:  14%|██▏            | 1/7 [00:10<01:05, 10.92s/it]Epoch: 2 | Train Loss: 0.3443 | Val Loss: 0.3963:  14%|██▏            | 1/7 [00:21<01:05, 10.92s/it]Epoch: 2 | Train Loss: 0.3443 | Val Loss: 0.3963:  29%|████▎          | 2/7 [00:21<00:53, 10.63s/it]Epoch: 3 | Train Loss: 0.2705 | Val Loss: 0.3393:  29%|████▎          | 2/7 [00:32<00:53, 10.63s/it]Epoch: 3 | Train Loss: 0.2705 | Val Loss: 0.3393:  43%|██████▍        | 3/7 [00:32<00:42, 10.66s/it]Epoch: 4 | Train Loss: 0.2125 | Val Loss: 0.3013:  43%|██████▍        | 3/7 [00:42<00:42, 10.66s/it]Epoch: 4 | Train Loss: 0.2125 | Val Loss: 0.3013:  57%|████████▌      | 4/7 [00:42<00:31, 10.60s/it]Epoch: 5 | Train Loss: 0.1894 | Val Loss: 0.2872:  57%|████████▌      | 4/7 [00:53<00:31, 10.60s/it]Epoch: 5 | Train Loss: 0.1894 | Val Loss: 0.2872:  71%|██████████▋    | 5/7 [00:53<00:21, 10.57s/it]Epoch: 6 | Train Loss: 0.1508 | Val Loss: 0.2529:  71%|██████████▋    | 5/7 [01:03<00:21, 10.57s/it]Epoch: 6 | Train Loss: 0.1508 | Val Loss: 0.2529:  86%|████████████▊  | 6/7 [01:03<00:10, 10.62s/it]Epoch: 7 | Train Loss: 0.1430 | Val Loss: 0.2560:  86%|████████████▊  | 6/7 [01:14<00:10, 10.62s/it]Epoch: 7 | Train Loss: 0.1430 | Val Loss: 0.2560: 100%|███████████████| 7/7 [01:14<00:00, 10.63s/it]Epoch: 7 | Train Loss: 0.1430 | Val Loss: 0.2560: 100%|███████████████| 7/7 [01:14<00:00, 10.63s/it]
2023-12-15 20:24:43,588 - root - INFO - Training finished.
2023-12-15 20:24:43,588 - root - INFO - Testing model...
2023-12-15 20:24:44,032 - root - INFO - Test loss: 0.2549089901149273, Test acc: 0.8953680203045685
2023-12-15 20:24:44,032 - root - INFO - Testing finished.
2023-12-15 20:24:44,032 - root - INFO - saving model...
2023-12-15 20:24:44,056 - root - INFO - model saved.
2023-12-15 20:24:44,056 - root - INFO - saving results
2023-12-15 20:24:44,058 - root - INFO - results saved.
