2023-12-15 20:24:45,258 - root - INFO - Random seed: 5
2023-12-15 20:24:45,258 - root - INFO - Loading data...
2023-12-15 20:24:45,283 - root - INFO - shape of x_maxpool2: torch.Size([78800, 256])
2023-12-15 20:24:45,283 - root - INFO - shape of x_fc1: torch.Size([78800, 120])
2023-12-15 20:24:45,283 - root - INFO - shape of x_fc2: torch.Size([78800, 84])
2023-12-15 20:24:45,283 - root - INFO - shape of x_fc3: torch.Size([78800, 10])
2023-12-15 20:24:45,283 - root - INFO - data loading finished.
2023-12-15 20:24:45,283 - root - INFO - Spliting dataset...
2023-12-15 20:24:45,286 - root - INFO - train dataset size: 50432
2023-12-15 20:24:45,286 - root - INFO - val dataset size: 12608
2023-12-15 20:24:45,286 - root - INFO - test dataset size: 15760
2023-12-15 20:24:45,286 - root - INFO - dataset spliting finished.
2023-12-15 20:24:45,286 - root - INFO - Initializing model, optimizer and loss function...
2023-12-15 20:24:45,436 - root - INFO - model, optimizer and loss function initialization finished.
2023-12-15 20:24:45,436 - root - INFO - Start training...
  0%|                                                                         | 0/7 [00:00<?, ?it/s]Epoch: 1 | Train Loss: 0.4210 | Val Loss: 0.4676:   0%|                       | 0/7 [00:10<?, ?it/s]Epoch: 1 | Train Loss: 0.4210 | Val Loss: 0.4676:  14%|██▏            | 1/7 [00:10<01:05, 11.00s/it]Epoch: 2 | Train Loss: 0.3424 | Val Loss: 0.3856:  14%|██▏            | 1/7 [00:21<01:05, 11.00s/it]Epoch: 2 | Train Loss: 0.3424 | Val Loss: 0.3856:  29%|████▎          | 2/7 [00:21<00:53, 10.77s/it]Epoch: 3 | Train Loss: 0.2662 | Val Loss: 0.3316:  29%|████▎          | 2/7 [00:32<00:53, 10.77s/it]Epoch: 3 | Train Loss: 0.2662 | Val Loss: 0.3316:  43%|██████▍        | 3/7 [00:32<00:42, 10.68s/it]Epoch: 4 | Train Loss: 0.2234 | Val Loss: 0.3012:  43%|██████▍        | 3/7 [00:42<00:42, 10.68s/it]Epoch: 4 | Train Loss: 0.2234 | Val Loss: 0.3012:  57%|████████▌      | 4/7 [00:42<00:31, 10.61s/it]Epoch: 5 | Train Loss: 0.1744 | Val Loss: 0.2740:  57%|████████▌      | 4/7 [00:53<00:31, 10.61s/it]Epoch: 5 | Train Loss: 0.1744 | Val Loss: 0.2740:  71%|██████████▋    | 5/7 [00:53<00:21, 10.59s/it]Epoch: 6 | Train Loss: 0.1561 | Val Loss: 0.2599:  71%|██████████▋    | 5/7 [01:04<00:21, 10.59s/it]Epoch: 6 | Train Loss: 0.1561 | Val Loss: 0.2599:  86%|████████████▊  | 6/7 [01:04<00:10, 10.66s/it]Epoch: 7 | Train Loss: 0.1367 | Val Loss: 0.2640:  86%|████████████▊  | 6/7 [01:14<00:10, 10.66s/it]Epoch: 7 | Train Loss: 0.1367 | Val Loss: 0.2640: 100%|███████████████| 7/7 [01:14<00:00, 10.73s/it]Epoch: 7 | Train Loss: 0.1367 | Val Loss: 0.2640: 100%|███████████████| 7/7 [01:14<00:00, 10.70s/it]
2023-12-15 20:26:00,368 - root - INFO - Training finished.
2023-12-15 20:26:00,368 - root - INFO - Testing model...
2023-12-15 20:26:00,804 - root - INFO - Test loss: 0.2579004606232047, Test acc: 0.894733502538071
2023-12-15 20:26:00,804 - root - INFO - Testing finished.
2023-12-15 20:26:00,804 - root - INFO - saving model...
2023-12-15 20:26:00,830 - root - INFO - model saved.
2023-12-15 20:26:00,830 - root - INFO - saving results
2023-12-15 20:26:00,832 - root - INFO - results saved.
