2023-12-15 20:19:39,473 - root - INFO - Random seed: 1
2023-12-15 20:19:39,473 - root - INFO - Loading data...
2023-12-15 20:19:39,496 - root - INFO - shape of x_maxpool2: torch.Size([78800, 256])
2023-12-15 20:19:39,496 - root - INFO - shape of x_fc1: torch.Size([78800, 120])
2023-12-15 20:19:39,496 - root - INFO - shape of x_fc2: torch.Size([78800, 84])
2023-12-15 20:19:39,496 - root - INFO - shape of x_fc3: torch.Size([78800, 10])
2023-12-15 20:19:39,496 - root - INFO - data loading finished.
2023-12-15 20:19:39,496 - root - INFO - Spliting dataset...
2023-12-15 20:19:39,499 - root - INFO - train dataset size: 50432
2023-12-15 20:19:39,499 - root - INFO - val dataset size: 12608
2023-12-15 20:19:39,499 - root - INFO - test dataset size: 15760
2023-12-15 20:19:39,499 - root - INFO - dataset spliting finished.
2023-12-15 20:19:39,499 - root - INFO - Initializing model, optimizer and loss function...
2023-12-15 20:19:39,655 - root - INFO - model, optimizer and loss function initialization finished.
2023-12-15 20:19:39,655 - root - INFO - Start training...
  0%|                                                                         | 0/7 [00:00<?, ?it/s]Epoch: 1 | Train Loss: 0.4332 | Val Loss: 0.4735:   0%|                       | 0/7 [00:11<?, ?it/s]Epoch: 1 | Train Loss: 0.4332 | Val Loss: 0.4735:  14%|██▏            | 1/7 [00:11<01:06, 11.08s/it]Epoch: 2 | Train Loss: 0.3267 | Val Loss: 0.3679:  14%|██▏            | 1/7 [00:21<01:06, 11.08s/it]Epoch: 2 | Train Loss: 0.3267 | Val Loss: 0.3679:  29%|████▎          | 2/7 [00:21<00:53, 10.70s/it]Epoch: 3 | Train Loss: 0.2510 | Val Loss: 0.3139:  29%|████▎          | 2/7 [00:32<00:53, 10.70s/it]Epoch: 3 | Train Loss: 0.2510 | Val Loss: 0.3139:  43%|██████▍        | 3/7 [00:32<00:42, 10.63s/it]Epoch: 4 | Train Loss: 0.2111 | Val Loss: 0.2820:  43%|██████▍        | 3/7 [00:42<00:42, 10.63s/it]Epoch: 4 | Train Loss: 0.2111 | Val Loss: 0.2820:  57%|████████▌      | 4/7 [00:42<00:31, 10.63s/it]Epoch: 5 | Train Loss: 0.1682 | Val Loss: 0.2556:  57%|████████▌      | 4/7 [00:53<00:31, 10.63s/it]Epoch: 5 | Train Loss: 0.1682 | Val Loss: 0.2556:  71%|██████████▋    | 5/7 [00:53<00:21, 10.58s/it]Epoch: 6 | Train Loss: 0.1567 | Val Loss: 0.2669:  71%|██████████▋    | 5/7 [01:03<00:21, 10.58s/it]Epoch: 6 | Train Loss: 0.1567 | Val Loss: 0.2669:  86%|████████████▊  | 6/7 [01:03<00:10, 10.57s/it]Epoch: 7 | Train Loss: 0.1271 | Val Loss: 0.2388:  86%|████████████▊  | 6/7 [01:14<00:10, 10.57s/it]Epoch: 7 | Train Loss: 0.1271 | Val Loss: 0.2388: 100%|███████████████| 7/7 [01:14<00:00, 10.56s/it]Epoch: 7 | Train Loss: 0.1271 | Val Loss: 0.2388: 100%|███████████████| 7/7 [01:14<00:00, 10.61s/it]
2023-12-15 20:20:53,969 - root - INFO - Training finished.
2023-12-15 20:20:53,969 - root - INFO - Testing model...
2023-12-15 20:20:54,426 - root - INFO - Test loss: 0.23558546416461468, Test acc: 0.9046319796954315
2023-12-15 20:20:54,427 - root - INFO - Testing finished.
2023-12-15 20:20:54,427 - root - INFO - saving model...
2023-12-15 20:20:54,450 - root - INFO - model saved.
2023-12-15 20:20:54,450 - root - INFO - saving results
2023-12-15 20:20:54,452 - root - INFO - results saved.
